Build started 29/01/2017 18:10:56.
     1>Project "C:\Users\Daniel\Desktop\PpProject\Paint-1-25-Commented--2\Paint-1-25-Commented--2\Paint\Paint.vcxproj" on node 2 (build target(s)).
       Project file contains ToolsVersion="12.0". This toolset may be unknown or missing, in which case you may be able to resolve this by installing the appropriate version of MSBuild, or the build may have been forced to a particular ToolsVersion for policy reasons. Treating the project as if it had ToolsVersion="4.0". For more information, please see http://go.microsoft.com/fwlink/?LinkId=291333.
     1>InitializeBuildStatus:
         Creating "Debug\Paint.unsuccessfulbuild" because "AlwaysCreate" was specified.
       ClCompile:
         All outputs are up-to-date.
         C:\Program Files (x86)\Microsoft Visual Studio 10.0\VC\bin\CL.exe /c /ZI /nologo /W3 /WX- /Od /Oy- /D WIN32 /D _WINDOWS /D _DEBUG /D _UNICODE /D UNICODE /D _AFXDLL /Gm /EHsc /RTC1 /MDd /GS /fp:precise /Zc:wchar_t /Zc:forScope /Yu"StdAfx.h" /Fp"Debug\Paint.pch" /Fo"Debug\\" /Fd"Debug\vc100.pdb" /Gd /TP /analyze- /errorReport:prompt PaintDlg.cpp
         PaintDlg.cpp
       ResourceCompile:
         All outputs are up-to-date.
       ManifestResourceCompile:
         All outputs are up-to-date.
       Link:
         C:\Program Files (x86)\Microsoft Visual Studio 10.0\VC\bin\link.exe /ERRORREPORT:PROMPT /OUT:"C:\Users\Daniel\Desktop\PpProject\Paint-1-25-Commented--2\Paint-1-25-Commented--2\Debug\Paint.exe" /INCREMENTAL /NOLOGO /MANIFEST /ManifestFile:"Debug\Paint.exe.intermediate.manifest" /MANIFESTUAC:"level='asInvoker' uiAccess='false'" /DEBUG /PDB:"C:\Users\Daniel\Desktop\PpProject\Paint-1-25-Commented--2\Paint-1-25-Commented--2\Debug\Paint.pdb" /SUBSYSTEM:WINDOWS /TLBID:1 /ENTRY:"wWinMainCRTStartup" /DYNAMICBASE /NXCOMPAT /IMPLIB:"C:\Users\Daniel\Desktop\PpProject\Paint-1-25-Commented--2\Paint-1-25-Commented--2\Debug\Paint.lib" /MACHINE:X86 Debug\Paint.res
         Debug\Paint.exe.embed.manifest.res
         Debug\MyCircle.obj
         Debug\MyEllipse.obj
         Debug\MyRectangle.obj
         Debug\MyShape.obj
         Debug\Paint.obj
         Debug\PaintDlg.obj
         Debug\stdafx.obj
       Manifest:
         C:\Program Files (x86)\Microsoft SDKs\Windows\v7.0A\bin\mt.exe /nologo /verbose /out:"Debug\Paint.exe.embed.manifest" /manifest Debug\Paint.exe.intermediate.manifest "C:\Program Files (x86)\Microsoft Visual Studio 10.0\VC\Include\Manifest\dpiaware.manifest"
         All outputs are up-to-date.
       LinkEmbedManifest:
         All outputs are up-to-date.
         Paint.vcxproj -> C:\Users\Daniel\Desktop\PpProject\Paint-1-25-Commented--2\Paint-1-25-Commented--2\Debug\Paint.exe
       FinalizeBuildStatus:
         Deleting file "Debug\Paint.unsuccessfulbuild".
         Touching "Debug\Paint.lastbuildstate".
     1>Done Building Project "C:\Users\Daniel\Desktop\PpProject\Paint-1-25-Commented--2\Paint-1-25-Commented--2\Paint\Paint.vcxproj" (build target(s)).

Build succeeded.

Time Elapsed 00:00:01.34
